mode: set
github.com/Blue-Davinci/leadhub-service/internal/data/filters.go:27.57,35.2 5 0
github.com/Blue-Davinci/leadhub-service/internal/data/filters.go:40.38,41.43 1 0
github.com/Blue-Davinci/leadhub-service/internal/data/filters.go:41.43,42.26 1 0
github.com/Blue-Davinci/leadhub-service/internal/data/filters.go:42.26,44.4 1 0
github.com/Blue-Davinci/leadhub-service/internal/data/filters.go:46.2,46.43 1 0
github.com/Blue-Davinci/leadhub-service/internal/data/filters.go:51.41,52.36 1 0
github.com/Blue-Davinci/leadhub-service/internal/data/filters.go:52.36,54.3 1 0
github.com/Blue-Davinci/leadhub-service/internal/data/filters.go:55.2,55.14 1 0
github.com/Blue-Davinci/leadhub-service/internal/data/filters.go:58.30,60.2 1 0
github.com/Blue-Davinci/leadhub-service/internal/data/filters.go:62.31,64.2 1 0
github.com/Blue-Davinci/leadhub-service/internal/data/filters.go:67.37,71.2 2 0
github.com/Blue-Davinci/leadhub-service/internal/data/filters.go:74.38,78.2 2 0
github.com/Blue-Davinci/leadhub-service/internal/data/filters.go:85.67,87.23 1 0
github.com/Blue-Davinci/leadhub-service/internal/data/filters.go:87.23,90.3 1 0
github.com/Blue-Davinci/leadhub-service/internal/data/filters.go:91.2,97.3 1 0
github.com/Blue-Davinci/leadhub-service/internal/data/internal_helpers.go:12.105,14.2 1 0
github.com/Blue-Davinci/leadhub-service/internal/data/internal_helpers.go:16.77,18.2 1 0
github.com/Blue-Davinci/leadhub-service/internal/data/models.go:22.45,30.2 1 0
github.com/Blue-Davinci/leadhub-service/internal/data/permissions.go:34.87,38.2 2 0
github.com/Blue-Davinci/leadhub-service/internal/data/permissions.go:39.95,43.2 2 0
github.com/Blue-Davinci/leadhub-service/internal/data/permissions.go:45.72,49.2 2 0
github.com/Blue-Davinci/leadhub-service/internal/data/permissions.go:52.54,57.2 2 0
github.com/Blue-Davinci/leadhub-service/internal/data/permissions.go:65.48,66.19 1 0
github.com/Blue-Davinci/leadhub-service/internal/data/permissions.go:66.19,67.19 1 0
github.com/Blue-Davinci/leadhub-service/internal/data/permissions.go:67.19,69.4 1 0
github.com/Blue-Davinci/leadhub-service/internal/data/permissions.go:71.2,71.14 1 0
github.com/Blue-Davinci/leadhub-service/internal/data/permissions.go:75.73,80.16 4 0
github.com/Blue-Davinci/leadhub-service/internal/data/permissions.go:80.16,82.3 1 0
github.com/Blue-Davinci/leadhub-service/internal/data/permissions.go:83.2,84.41 2 0
github.com/Blue-Davinci/leadhub-service/internal/data/permissions.go:84.41,89.3 1 0
github.com/Blue-Davinci/leadhub-service/internal/data/permissions.go:91.2,91.28 1 0
github.com/Blue-Davinci/leadhub-service/internal/data/permissions.go:96.86,104.16 5 0
github.com/Blue-Davinci/leadhub-service/internal/data/permissions.go:104.16,106.3 1 0
github.com/Blue-Davinci/leadhub-service/internal/data/permissions.go:107.2,107.43 1 0
github.com/Blue-Davinci/leadhub-service/internal/data/permissions.go:107.43,109.3 1 0
github.com/Blue-Davinci/leadhub-service/internal/data/permissions.go:111.2,111.25 1 0
github.com/Blue-Davinci/leadhub-service/internal/data/permissions.go:116.104,125.16 4 0
github.com/Blue-Davinci/leadhub-service/internal/data/permissions.go:125.16,126.10 1 0
github.com/Blue-Davinci/leadhub-service/internal/data/permissions.go:127.101,128.38 1 0
github.com/Blue-Davinci/leadhub-service/internal/data/permissions.go:129.11,130.19 1 0
github.com/Blue-Davinci/leadhub-service/internal/data/permissions.go:134.2,140.28 2 0
github.com/Blue-Davinci/leadhub-service/internal/data/permissions.go:145.103,155.16 4 0
github.com/Blue-Davinci/leadhub-service/internal/data/permissions.go:155.16,156.10 1 0
github.com/Blue-Davinci/leadhub-service/internal/data/permissions.go:157.38,158.35 1 0
github.com/Blue-Davinci/leadhub-service/internal/data/permissions.go:159.11,160.17 1 0
github.com/Blue-Davinci/leadhub-service/internal/data/permissions.go:164.2,164.26 1 0
github.com/Blue-Davinci/leadhub-service/internal/data/tenants.go:36.61,45.2 3 1
github.com/Blue-Davinci/leadhub-service/internal/data/tenants.go:48.64,53.16 4 0
github.com/Blue-Davinci/leadhub-service/internal/data/tenants.go:53.16,54.10 1 0
github.com/Blue-Davinci/leadhub-service/internal/data/tenants.go:55.38,56.40 1 0
github.com/Blue-Davinci/leadhub-service/internal/data/tenants.go:57.11,58.19 1 0
github.com/Blue-Davinci/leadhub-service/internal/data/tenants.go:62.2,62.37 1 0
github.com/Blue-Davinci/leadhub-service/internal/data/tenants.go:66.107,75.16 4 0
github.com/Blue-Davinci/leadhub-service/internal/data/tenants.go:75.16,76.10 1 0
github.com/Blue-Davinci/leadhub-service/internal/data/tenants.go:77.38,78.52 1 0
github.com/Blue-Davinci/leadhub-service/internal/data/tenants.go:79.11,80.31 1 0
github.com/Blue-Davinci/leadhub-service/internal/data/tenants.go:84.2,84.23 1 0
github.com/Blue-Davinci/leadhub-service/internal/data/tenants.go:84.23,86.3 1 0
github.com/Blue-Davinci/leadhub-service/internal/data/tenants.go:88.2,90.36 3 0
github.com/Blue-Davinci/leadhub-service/internal/data/tenants.go:90.36,93.3 2 0
github.com/Blue-Davinci/leadhub-service/internal/data/tenants.go:95.2,97.34 2 0
github.com/Blue-Davinci/leadhub-service/internal/data/tenants.go:101.58,111.16 4 0
github.com/Blue-Davinci/leadhub-service/internal/data/tenants.go:111.16,112.10 1 0
github.com/Blue-Davinci/leadhub-service/internal/data/tenants.go:113.58,114.33 1 0
github.com/Blue-Davinci/leadhub-service/internal/data/tenants.go:115.11,116.14 1 0
github.com/Blue-Davinci/leadhub-service/internal/data/tenants.go:120.2,124.12 4 0
github.com/Blue-Davinci/leadhub-service/internal/data/tenants.go:128.75,140.16 4 0
github.com/Blue-Davinci/leadhub-service/internal/data/tenants.go:140.16,141.10 1 0
github.com/Blue-Davinci/leadhub-service/internal/data/tenants.go:142.38,143.33 1 0
github.com/Blue-Davinci/leadhub-service/internal/data/tenants.go:144.58,145.33 1 0
github.com/Blue-Davinci/leadhub-service/internal/data/tenants.go:146.11,147.14 1 0
github.com/Blue-Davinci/leadhub-service/internal/data/tenants.go:151.2,154.12 3 0
github.com/Blue-Davinci/leadhub-service/internal/data/tenants.go:157.45,158.39 1 0
github.com/Blue-Davinci/leadhub-service/internal/data/tenants.go:159.23,168.4 1 0
github.com/Blue-Davinci/leadhub-service/internal/data/tenants.go:169.38,178.4 1 0
github.com/Blue-Davinci/leadhub-service/internal/data/tenants.go:179.10,181.13 1 0
github.com/Blue-Davinci/leadhub-service/internal/data/tokens.go:44.76,47.2 2 0
github.com/Blue-Davinci/leadhub-service/internal/data/tokens.go:52.83,62.16 4 0
github.com/Blue-Davinci/leadhub-service/internal/data/tokens.go:62.16,64.3 1 0
github.com/Blue-Davinci/leadhub-service/internal/data/tokens.go:67.2,72.19 4 0
github.com/Blue-Davinci/leadhub-service/internal/data/tokens.go:75.88,77.16 2 0
github.com/Blue-Davinci/leadhub-service/internal/data/tokens.go:77.16,79.3 1 0
github.com/Blue-Davinci/leadhub-service/internal/data/tokens.go:82.2,83.21 2 0
github.com/Blue-Davinci/leadhub-service/internal/data/tokens.go:86.50,97.2 4 0
github.com/Blue-Davinci/leadhub-service/internal/data/tokens.go:100.72,109.2 4 0
github.com/Blue-Davinci/leadhub-service/internal/data/trade_leads.go:47.65,52.2 3 1
github.com/Blue-Davinci/leadhub-service/internal/data/trade_leads.go:56.86,66.16 4 0
github.com/Blue-Davinci/leadhub-service/internal/data/trade_leads.go:66.16,67.10 1 0
github.com/Blue-Davinci/leadhub-service/internal/data/trade_leads.go:68.68,69.36 1 0
github.com/Blue-Davinci/leadhub-service/internal/data/trade_leads.go:70.66,71.36 1 0
github.com/Blue-Davinci/leadhub-service/internal/data/trade_leads.go:72.11,73.14 1 0
github.com/Blue-Davinci/leadhub-service/internal/data/trade_leads.go:78.2,84.12 6 0
github.com/Blue-Davinci/leadhub-service/internal/data/trade_leads.go:88.72,93.16 4 0
github.com/Blue-Davinci/leadhub-service/internal/data/trade_leads.go:93.16,94.10 1 0
github.com/Blue-Davinci/leadhub-service/internal/data/trade_leads.go:95.38,96.40 1 0
github.com/Blue-Davinci/leadhub-service/internal/data/trade_leads.go:97.11,98.19 1 0
github.com/Blue-Davinci/leadhub-service/internal/data/trade_leads.go:102.2,104.23 2 0
github.com/Blue-Davinci/leadhub-service/internal/data/trade_leads.go:109.125,119.16 4 0
github.com/Blue-Davinci/leadhub-service/internal/data/trade_leads.go:119.16,120.10 1 0
github.com/Blue-Davinci/leadhub-service/internal/data/trade_leads.go:121.38,122.52 1 0
github.com/Blue-Davinci/leadhub-service/internal/data/trade_leads.go:123.11,124.31 1 0
github.com/Blue-Davinci/leadhub-service/internal/data/trade_leads.go:128.2,128.21 1 0
github.com/Blue-Davinci/leadhub-service/internal/data/trade_leads.go:128.21,130.3 1 0
github.com/Blue-Davinci/leadhub-service/internal/data/trade_leads.go:132.2,134.32 3 0
github.com/Blue-Davinci/leadhub-service/internal/data/trade_leads.go:134.32,137.3 2 0
github.com/Blue-Davinci/leadhub-service/internal/data/trade_leads.go:139.2,141.32 2 0
github.com/Blue-Davinci/leadhub-service/internal/data/trade_leads.go:145.109,154.16 4 0
github.com/Blue-Davinci/leadhub-service/internal/data/trade_leads.go:154.16,155.10 1 0
github.com/Blue-Davinci/leadhub-service/internal/data/trade_leads.go:156.38,157.52 1 0
github.com/Blue-Davinci/leadhub-service/internal/data/trade_leads.go:158.11,159.31 1 0
github.com/Blue-Davinci/leadhub-service/internal/data/trade_leads.go:163.2,163.21 1 0
github.com/Blue-Davinci/leadhub-service/internal/data/trade_leads.go:163.21,165.3 1 0
github.com/Blue-Davinci/leadhub-service/internal/data/trade_leads.go:167.2,169.32 3 0
github.com/Blue-Davinci/leadhub-service/internal/data/trade_leads.go:169.32,172.3 2 0
github.com/Blue-Davinci/leadhub-service/internal/data/trade_leads.go:174.2,176.32 2 0
github.com/Blue-Davinci/leadhub-service/internal/data/trade_leads.go:180.104,188.16 4 0
github.com/Blue-Davinci/leadhub-service/internal/data/trade_leads.go:188.16,189.10 1 0
github.com/Blue-Davinci/leadhub-service/internal/data/trade_leads.go:190.66,191.36 1 0
github.com/Blue-Davinci/leadhub-service/internal/data/trade_leads.go:192.11,193.14 1 0
github.com/Blue-Davinci/leadhub-service/internal/data/trade_leads.go:197.2,200.12 4 0
github.com/Blue-Davinci/leadhub-service/internal/data/trade_leads.go:204.71,209.16 4 0
github.com/Blue-Davinci/leadhub-service/internal/data/trade_leads.go:209.16,210.10 1 0
github.com/Blue-Davinci/leadhub-service/internal/data/trade_leads.go:211.38,212.40 1 0
github.com/Blue-Davinci/leadhub-service/internal/data/trade_leads.go:213.11,214.19 1 0
github.com/Blue-Davinci/leadhub-service/internal/data/trade_leads.go:218.2,223.24 2 0
github.com/Blue-Davinci/leadhub-service/internal/data/trade_leads.go:226.54,227.40 1 0
github.com/Blue-Davinci/leadhub-service/internal/data/trade_leads.go:228.26,239.4 1 0
github.com/Blue-Davinci/leadhub-service/internal/data/trade_leads.go:240.41,251.4 1 0
github.com/Blue-Davinci/leadhub-service/internal/data/trade_leads.go:252.41,263.4 1 0
github.com/Blue-Davinci/leadhub-service/internal/data/trade_leads.go:264.10,265.13 1 0
github.com/Blue-Davinci/leadhub-service/internal/data/users.go:32.35,34.2 1 0
github.com/Blue-Davinci/leadhub-service/internal/data/users.go:45.56,47.16 2 0
github.com/Blue-Davinci/leadhub-service/internal/data/users.go:47.16,49.3 1 0
github.com/Blue-Davinci/leadhub-service/internal/data/users.go:50.2,52.12 3 0
github.com/Blue-Davinci/leadhub-service/internal/data/users.go:58.68,60.16 2 0
github.com/Blue-Davinci/leadhub-service/internal/data/users.go:60.16,62.10 1 0
github.com/Blue-Davinci/leadhub-service/internal/data/users.go:63.60,64.21 1 0
github.com/Blue-Davinci/leadhub-service/internal/data/users.go:65.11,66.21 1 0
github.com/Blue-Davinci/leadhub-service/internal/data/users.go:69.2,69.18 1 0
github.com/Blue-Davinci/leadhub-service/internal/data/users.go:92.58,95.2 2 1
github.com/Blue-Davinci/leadhub-service/internal/data/users.go:96.56,99.2 2 0
github.com/Blue-Davinci/leadhub-service/internal/data/users.go:100.73,104.2 3 0
github.com/Blue-Davinci/leadhub-service/internal/data/users.go:105.55,112.36 3 0
github.com/Blue-Davinci/leadhub-service/internal/data/users.go:112.36,114.3 1 0
github.com/Blue-Davinci/leadhub-service/internal/data/users.go:118.2,118.31 1 0
github.com/Blue-Davinci/leadhub-service/internal/data/users.go:118.31,119.42 1 0
github.com/Blue-Davinci/leadhub-service/internal/data/users.go:126.45,138.16 4 0
github.com/Blue-Davinci/leadhub-service/internal/data/users.go:138.16,139.10 1 0
github.com/Blue-Davinci/leadhub-service/internal/data/users.go:140.57,141.28 1 0
github.com/Blue-Davinci/leadhub-service/internal/data/users.go:142.11,143.14 1 0
github.com/Blue-Davinci/leadhub-service/internal/data/users.go:147.2,151.12 4 0
github.com/Blue-Davinci/leadhub-service/internal/data/users.go:158.82,170.16 5 0
github.com/Blue-Davinci/leadhub-service/internal/data/users.go:170.16,171.10 1 0
github.com/Blue-Davinci/leadhub-service/internal/data/users.go:172.38,173.40 1 0
github.com/Blue-Davinci/leadhub-service/internal/data/users.go:174.11,175.19 1 0
github.com/Blue-Davinci/leadhub-service/internal/data/users.go:179.2,181.23 2 0
github.com/Blue-Davinci/leadhub-service/internal/data/users.go:189.60,195.16 4 0
github.com/Blue-Davinci/leadhub-service/internal/data/users.go:195.16,196.10 1 0
github.com/Blue-Davinci/leadhub-service/internal/data/users.go:197.38,198.40 1 0
github.com/Blue-Davinci/leadhub-service/internal/data/users.go:199.11,200.19 1 0
github.com/Blue-Davinci/leadhub-service/internal/data/users.go:204.2,206.27 2 0
github.com/Blue-Davinci/leadhub-service/internal/data/users.go:210.49,223.16 4 0
github.com/Blue-Davinci/leadhub-service/internal/data/users.go:223.16,224.10 1 0
github.com/Blue-Davinci/leadhub-service/internal/data/users.go:225.57,226.28 1 0
github.com/Blue-Davinci/leadhub-service/internal/data/users.go:227.11,228.14 1 0
github.com/Blue-Davinci/leadhub-service/internal/data/users.go:231.2,232.12 2 0
github.com/Blue-Davinci/leadhub-service/internal/data/users.go:239.38,240.32 1 0
github.com/Blue-Davinci/leadhub-service/internal/data/users.go:241.21,256.4 2 0
github.com/Blue-Davinci/leadhub-service/internal/data/users.go:257.10,259.13 1 0
github.com/Blue-Davinci/leadhub-service/cmd/api/context.go:21.88,25.2 2 1
github.com/Blue-Davinci/leadhub-service/cmd/api/context.go:31.68,33.9 2 0
github.com/Blue-Davinci/leadhub-service/cmd/api/context.go:33.9,34.49 1 0
github.com/Blue-Davinci/leadhub-service/cmd/api/context.go:36.2,36.13 1 0
github.com/Blue-Davinci/leadhub-service/cmd/api/errors.go:9.62,14.2 1 1
github.com/Blue-Davinci/leadhub-service/cmd/api/errors.go:18.104,24.16 3 1
github.com/Blue-Davinci/leadhub-service/cmd/api/errors.go:24.16,27.3 2 0
github.com/Blue-Davinci/leadhub-service/cmd/api/errors.go:34.96,38.2 3 1
github.com/Blue-Davinci/leadhub-service/cmd/api/errors.go:41.100,45.2 3 0
github.com/Blue-Davinci/leadhub-service/cmd/api/errors.go:49.96,52.2 2 0
github.com/Blue-Davinci/leadhub-service/cmd/api/errors.go:56.89,59.2 2 0
github.com/Blue-Davinci/leadhub-service/cmd/api/errors.go:63.95,65.2 1 0
github.com/Blue-Davinci/leadhub-service/cmd/api/errors.go:69.116,71.2 1 0
github.com/Blue-Davinci/leadhub-service/cmd/api/errors.go:74.91,77.2 2 1
github.com/Blue-Davinci/leadhub-service/cmd/api/errors.go:81.86,84.2 2 0
github.com/Blue-Davinci/leadhub-service/cmd/api/errors.go:87.92,90.2 2 0
github.com/Blue-Davinci/leadhub-service/cmd/api/errors.go:92.88,95.2 2 0
github.com/Blue-Davinci/leadhub-service/cmd/api/errors.go:99.82,102.2 2 0
github.com/Blue-Davinci/leadhub-service/cmd/api/errors.go:106.86,109.2 2 0
github.com/Blue-Davinci/leadhub-service/cmd/api/healthcheck.go:8.84,18.16 3 1
github.com/Blue-Davinci/leadhub-service/cmd/api/healthcheck.go:18.16,20.3 1 0
github.com/Blue-Davinci/leadhub-service/cmd/api/helpers.go:29.112,32.16 2 1
github.com/Blue-Davinci/leadhub-service/cmd/api/helpers.go:32.16,34.3 1 0
github.com/Blue-Davinci/leadhub-service/cmd/api/helpers.go:36.2,39.34 2 1
github.com/Blue-Davinci/leadhub-service/cmd/api/helpers.go:39.34,41.3 1 0
github.com/Blue-Davinci/leadhub-service/cmd/api/helpers.go:43.2,46.16 4 1
github.com/Blue-Davinci/leadhub-service/cmd/api/helpers.go:46.16,48.3 1 0
github.com/Blue-Davinci/leadhub-service/cmd/api/helpers.go:49.2,49.12 1 1
github.com/Blue-Davinci/leadhub-service/cmd/api/helpers.go:52.89,65.16 7 0
github.com/Blue-Davinci/leadhub-service/cmd/api/helpers.go:65.16,67.3 1 0
github.com/Blue-Davinci/leadhub-service/cmd/api/helpers.go:72.2,73.19 2 0
github.com/Blue-Davinci/leadhub-service/cmd/api/helpers.go:73.19,75.3 1 0
github.com/Blue-Davinci/leadhub-service/cmd/api/helpers.go:76.2,76.12 1 0
github.com/Blue-Davinci/leadhub-service/cmd/api/helpers.go:81.91,85.26 3 0
github.com/Blue-Davinci/leadhub-service/cmd/api/helpers.go:85.26,87.3 1 0
github.com/Blue-Davinci/leadhub-service/cmd/api/helpers.go:88.2,88.16 1 0
github.com/Blue-Davinci/leadhub-service/cmd/api/helpers.go:94.65,95.16 1 0
github.com/Blue-Davinci/leadhub-service/cmd/api/helpers.go:95.16,102.10 5 0
github.com/Blue-Davinci/leadhub-service/cmd/api/helpers.go:103.37,104.94 1 0
github.com/Blue-Davinci/leadhub-service/cmd/api/helpers.go:105.44,106.56 1 0
github.com/Blue-Davinci/leadhub-service/cmd/api/helpers.go:107.44,108.38 1 0
github.com/Blue-Davinci/leadhub-service/cmd/api/helpers.go:108.38,110.5 1 0
github.com/Blue-Davinci/leadhub-service/cmd/api/helpers.go:111.4,111.103 1 0
github.com/Blue-Davinci/leadhub-service/cmd/api/helpers.go:112.31,113.47 1 0
github.com/Blue-Davinci/leadhub-service/cmd/api/helpers.go:120.63,122.64 2 0
github.com/Blue-Davinci/leadhub-service/cmd/api/helpers.go:126.39,127.83 1 0
github.com/Blue-Davinci/leadhub-service/cmd/api/helpers.go:128.47,129.14 1 0
github.com/Blue-Davinci/leadhub-service/cmd/api/helpers.go:130.11,131.14 1 0
github.com/Blue-Davinci/leadhub-service/cmd/api/helpers.go:134.2,134.12 1 0
github.com/Blue-Davinci/leadhub-service/cmd/api/helpers.go:140.47,143.12 2 0
github.com/Blue-Davinci/leadhub-service/cmd/api/helpers.go:143.12,147.16 2 0
github.com/Blue-Davinci/leadhub-service/cmd/api/helpers.go:147.16,148.36 1 0
github.com/Blue-Davinci/leadhub-service/cmd/api/helpers.go:148.36,150.5 1 0
github.com/Blue-Davinci/leadhub-service/cmd/api/helpers.go:153.3,153.7 1 0
github.com/Blue-Davinci/leadhub-service/cmd/api/helpers.go:159.83,164.31 2 1
github.com/Blue-Davinci/leadhub-service/cmd/api/helpers.go:164.31,166.3 1 1
github.com/Blue-Davinci/leadhub-service/cmd/api/helpers.go:171.2,172.57 2 0
github.com/Blue-Davinci/leadhub-service/cmd/api/helpers.go:172.57,174.3 1 0
github.com/Blue-Davinci/leadhub-service/cmd/api/helpers.go:176.2,183.55 3 0
github.com/Blue-Davinci/leadhub-service/cmd/api/helpers.go:183.55,185.3 1 0
github.com/Blue-Davinci/leadhub-service/cmd/api/helpers.go:190.2,191.16 2 0
github.com/Blue-Davinci/leadhub-service/cmd/api/helpers.go:191.16,192.10 1 0
github.com/Blue-Davinci/leadhub-service/cmd/api/helpers.go:193.54,194.40 1 0
github.com/Blue-Davinci/leadhub-service/cmd/api/helpers.go:195.11,196.40 1 0
github.com/Blue-Davinci/leadhub-service/cmd/api/helpers.go:199.2,199.18 1 0
github.com/Blue-Davinci/leadhub-service/cmd/api/helpers.go:203.38,205.16 2 0
github.com/Blue-Davinci/leadhub-service/cmd/api/helpers.go:205.16,207.3 1 0
github.com/Blue-Davinci/leadhub-service/cmd/api/helpers.go:210.2,210.52 1 0
github.com/Blue-Davinci/leadhub-service/cmd/api/helpers.go:210.52,212.3 1 0
github.com/Blue-Davinci/leadhub-service/cmd/api/helpers.go:214.2,214.12 1 0
github.com/Blue-Davinci/leadhub-service/cmd/api/helpers.go:219.91,224.13 2 0
github.com/Blue-Davinci/leadhub-service/cmd/api/helpers.go:224.13,226.3 1 0
github.com/Blue-Davinci/leadhub-service/cmd/api/helpers.go:228.2,228.10 1 0
github.com/Blue-Davinci/leadhub-service/cmd/api/helpers.go:235.106,239.13 2 0
github.com/Blue-Davinci/leadhub-service/cmd/api/helpers.go:239.13,241.3 1 0
github.com/Blue-Davinci/leadhub-service/cmd/api/helpers.go:244.2,245.16 2 0
github.com/Blue-Davinci/leadhub-service/cmd/api/helpers.go:245.16,248.3 2 0
github.com/Blue-Davinci/leadhub-service/cmd/api/helpers.go:250.2,250.10 1 0
github.com/Blue-Davinci/leadhub-service/cmd/api/main.go:71.13,73.16 2 0
github.com/Blue-Davinci/leadhub-service/cmd/api/main.go:73.16,76.3 2 0
github.com/Blue-Davinci/leadhub-service/cmd/api/main.go:79.2,105.101 20 0
github.com/Blue-Davinci/leadhub-service/cmd/api/main.go:105.101,109.3 2 0
github.com/Blue-Davinci/leadhub-service/cmd/api/main.go:111.2,114.22 2 0
github.com/Blue-Davinci/leadhub-service/cmd/api/main.go:114.22,129.3 8 0
github.com/Blue-Davinci/leadhub-service/cmd/api/main.go:132.2,135.16 3 0
github.com/Blue-Davinci/leadhub-service/cmd/api/main.go:135.16,137.3 1 0
github.com/Blue-Davinci/leadhub-service/cmd/api/main.go:139.2,154.16 5 0
github.com/Blue-Davinci/leadhub-service/cmd/api/main.go:154.16,156.3 1 0
github.com/Blue-Davinci/leadhub-service/cmd/api/main.go:161.52,163.16 2 0
github.com/Blue-Davinci/leadhub-service/cmd/api/main.go:163.16,165.3 1 0
github.com/Blue-Davinci/leadhub-service/cmd/api/main.go:166.2,169.16 4 0
github.com/Blue-Davinci/leadhub-service/cmd/api/main.go:169.16,171.3 1 0
github.com/Blue-Davinci/leadhub-service/cmd/api/main.go:172.2,175.16 3 0
github.com/Blue-Davinci/leadhub-service/cmd/api/main.go:175.16,177.3 1 0
github.com/Blue-Davinci/leadhub-service/cmd/api/main.go:178.2,179.21 2 0
github.com/Blue-Davinci/leadhub-service/cmd/api/main.go:184.23,187.54 2 0
github.com/Blue-Davinci/leadhub-service/cmd/api/main.go:187.54,189.3 1 0
github.com/Blue-Davinci/leadhub-service/cmd/api/main.go:191.2,191.53 1 0
github.com/Blue-Davinci/leadhub-service/cmd/api/main.go:191.53,193.3 1 0
github.com/Blue-Davinci/leadhub-service/cmd/api/main.go:197.30,205.22 5 0
github.com/Blue-Davinci/leadhub-service/cmd/api/main.go:205.22,208.50 2 0
github.com/Blue-Davinci/leadhub-service/cmd/api/main.go:208.50,210.4 1 0
github.com/Blue-Davinci/leadhub-service/cmd/api/main.go:215.53,216.42 1 0
github.com/Blue-Davinci/leadhub-service/cmd/api/main.go:216.42,218.3 1 0
github.com/Blue-Davinci/leadhub-service/cmd/api/main.go:219.2,219.21 1 0
github.com/Blue-Davinci/leadhub-service/cmd/api/middleware.go:18.70,19.71 1 1
github.com/Blue-Davinci/leadhub-service/cmd/api/middleware.go:19.71,22.16 1 1
github.com/Blue-Davinci/leadhub-service/cmd/api/middleware.go:22.16,25.36 1 1
github.com/Blue-Davinci/leadhub-service/cmd/api/middleware.go:25.36,37.5 2 1
github.com/Blue-Davinci/leadhub-service/cmd/api/middleware.go:39.3,39.23 1 1
github.com/Blue-Davinci/leadhub-service/cmd/api/middleware.go:43.70,44.71 1 1
github.com/Blue-Davinci/leadhub-service/cmd/api/middleware.go:44.71,52.33 3 1
github.com/Blue-Davinci/leadhub-service/cmd/api/middleware.go:52.33,56.4 3 1
github.com/Blue-Davinci/leadhub-service/cmd/api/middleware.go:57.3,57.17 1 0
github.com/Blue-Davinci/leadhub-service/cmd/api/middleware.go:57.17,58.11 1 0
github.com/Blue-Davinci/leadhub-service/cmd/api/middleware.go:59.50,60.49 1 0
github.com/Blue-Davinci/leadhub-service/cmd/api/middleware.go:61.55,62.49 1 0
github.com/Blue-Davinci/leadhub-service/cmd/api/middleware.go:63.12,64.39 1 0
github.com/Blue-Davinci/leadhub-service/cmd/api/middleware.go:66.4,66.10 1 0
github.com/Blue-Davinci/leadhub-service/cmd/api/middleware.go:70.3,72.23 2 0
github.com/Blue-Davinci/leadhub-service/cmd/api/middleware.go:78.82,79.71 1 0
github.com/Blue-Davinci/leadhub-service/cmd/api/middleware.go:79.71,85.25 2 0
github.com/Blue-Davinci/leadhub-service/cmd/api/middleware.go:85.25,88.4 2 0
github.com/Blue-Davinci/leadhub-service/cmd/api/middleware.go:89.3,89.23 1 0
github.com/Blue-Davinci/leadhub-service/cmd/api/middleware.go:94.78,96.71 1 0
github.com/Blue-Davinci/leadhub-service/cmd/api/middleware.go:96.71,100.22 2 0
github.com/Blue-Davinci/leadhub-service/cmd/api/middleware.go:100.22,103.4 2 0
github.com/Blue-Davinci/leadhub-service/cmd/api/middleware.go:104.3,104.23 1 0
github.com/Blue-Davinci/leadhub-service/cmd/api/middleware.go:110.67,125.12 3 1
github.com/Blue-Davinci/leadhub-service/cmd/api/middleware.go:125.12,126.7 1 1
github.com/Blue-Davinci/leadhub-service/cmd/api/middleware.go:126.7,133.36 3 1
github.com/Blue-Davinci/leadhub-service/cmd/api/middleware.go:133.36,134.52 1 0
github.com/Blue-Davinci/leadhub-service/cmd/api/middleware.go:134.52,136.6 1 0
github.com/Blue-Davinci/leadhub-service/cmd/api/middleware.go:139.4,139.15 1 0
github.com/Blue-Davinci/leadhub-service/cmd/api/middleware.go:143.2,143.71 1 1
github.com/Blue-Davinci/leadhub-service/cmd/api/middleware.go:143.71,145.33 1 1
github.com/Blue-Davinci/leadhub-service/cmd/api/middleware.go:145.33,152.39 3 1
github.com/Blue-Davinci/leadhub-service/cmd/api/middleware.go:152.39,157.5 1 1
github.com/Blue-Davinci/leadhub-service/cmd/api/middleware.go:159.4,164.36 2 1
github.com/Blue-Davinci/leadhub-service/cmd/api/middleware.go:164.36,168.5 3 1
github.com/Blue-Davinci/leadhub-service/cmd/api/middleware.go:171.4,171.15 1 1
github.com/Blue-Davinci/leadhub-service/cmd/api/middleware.go:173.3,173.23 1 1
github.com/Blue-Davinci/leadhub-service/cmd/api/middleware.go:179.65,186.71 5 1
github.com/Blue-Davinci/leadhub-service/cmd/api/middleware.go:186.71,199.3 5 1
github.com/Blue-Davinci/leadhub-service/cmd/api/middleware.go:204.93,205.46 1 0
github.com/Blue-Davinci/leadhub-service/cmd/api/middleware.go:205.46,206.72 1 0
github.com/Blue-Davinci/leadhub-service/cmd/api/middleware.go:206.72,211.18 3 0
github.com/Blue-Davinci/leadhub-service/cmd/api/middleware.go:211.18,214.5 2 0
github.com/Blue-Davinci/leadhub-service/cmd/api/middleware.go:217.4,217.34 1 0
github.com/Blue-Davinci/leadhub-service/cmd/api/middleware.go:217.34,220.5 2 0
github.com/Blue-Davinci/leadhub-service/cmd/api/middleware.go:223.4,223.24 1 0
github.com/Blue-Davinci/leadhub-service/cmd/api/routes.go:12.47,43.2 13 0
github.com/Blue-Davinci/leadhub-service/cmd/api/routes.go:48.52,51.80 2 0
github.com/Blue-Davinci/leadhub-service/cmd/api/routes.go:51.80,53.3 1 0
github.com/Blue-Davinci/leadhub-service/cmd/api/routes.go:54.2,55.22 2 0
github.com/Blue-Davinci/leadhub-service/cmd/api/routes.go:59.49,66.2 5 0
github.com/Blue-Davinci/leadhub-service/cmd/api/routes.go:70.89,80.2 6 0
github.com/Blue-Davinci/leadhub-service/cmd/api/routes.go:83.93,96.2 7 0
github.com/Blue-Davinci/leadhub-service/cmd/api/server.go:16.40,28.12 3 0
github.com/Blue-Davinci/leadhub-service/cmd/api/server.go:28.12,41.17 8 0
github.com/Blue-Davinci/leadhub-service/cmd/api/server.go:41.17,43.4 1 0
github.com/Blue-Davinci/leadhub-service/cmd/api/server.go:44.3,48.36 3 0
github.com/Blue-Davinci/leadhub-service/cmd/api/server.go:51.2,52.45 2 0
github.com/Blue-Davinci/leadhub-service/cmd/api/server.go:52.45,53.44 1 0
github.com/Blue-Davinci/leadhub-service/cmd/api/server.go:53.44,55.4 1 0
github.com/Blue-Davinci/leadhub-service/cmd/api/server.go:60.2,61.16 2 0
github.com/Blue-Davinci/leadhub-service/cmd/api/server.go:61.16,63.3 1 0
github.com/Blue-Davinci/leadhub-service/cmd/api/server.go:65.2,66.12 2 0
github.com/Blue-Davinci/leadhub-service/cmd/api/tenants.go:15.86,21.16 3 0
github.com/Blue-Davinci/leadhub-service/cmd/api/tenants.go:21.16,22.10 1 0
github.com/Blue-Davinci/leadhub-service/cmd/api/tenants.go:23.45,24.30 1 0
github.com/Blue-Davinci/leadhub-service/cmd/api/tenants.go:25.11,26.38 1 0
github.com/Blue-Davinci/leadhub-service/cmd/api/tenants.go:28.3,28.9 1 0
github.com/Blue-Davinci/leadhub-service/cmd/api/tenants.go:31.2,32.16 2 0
github.com/Blue-Davinci/leadhub-service/cmd/api/tenants.go:32.16,34.3 1 0
github.com/Blue-Davinci/leadhub-service/cmd/api/tenants.go:39.91,58.56 9 0
github.com/Blue-Davinci/leadhub-service/cmd/api/tenants.go:58.56,61.3 2 0
github.com/Blue-Davinci/leadhub-service/cmd/api/tenants.go:63.2,64.16 2 0
github.com/Blue-Davinci/leadhub-service/cmd/api/tenants.go:64.16,65.10 1 0
github.com/Blue-Davinci/leadhub-service/cmd/api/tenants.go:66.45,67.30 1 0
github.com/Blue-Davinci/leadhub-service/cmd/api/tenants.go:68.11,69.38 1 0
github.com/Blue-Davinci/leadhub-service/cmd/api/tenants.go:71.3,71.9 1 0
github.com/Blue-Davinci/leadhub-service/cmd/api/tenants.go:74.2,75.16 2 0
github.com/Blue-Davinci/leadhub-service/cmd/api/tenants.go:75.16,77.3 1 0
github.com/Blue-Davinci/leadhub-service/cmd/api/tenants.go:83.85,89.51 2 0
github.com/Blue-Davinci/leadhub-service/cmd/api/tenants.go:89.51,92.3 2 0
github.com/Blue-Davinci/leadhub-service/cmd/api/tenants.go:94.2,102.48 3 0
github.com/Blue-Davinci/leadhub-service/cmd/api/tenants.go:102.48,105.3 2 0
github.com/Blue-Davinci/leadhub-service/cmd/api/tenants.go:107.2,107.64 1 0
github.com/Blue-Davinci/leadhub-service/cmd/api/tenants.go:107.64,108.10 1 0
github.com/Blue-Davinci/leadhub-service/cmd/api/tenants.go:109.43,111.48 2 0
github.com/Blue-Davinci/leadhub-service/cmd/api/tenants.go:112.11,113.38 1 0
github.com/Blue-Davinci/leadhub-service/cmd/api/tenants.go:115.3,115.9 1 0
github.com/Blue-Davinci/leadhub-service/cmd/api/tenants.go:118.2,119.16 2 0
github.com/Blue-Davinci/leadhub-service/cmd/api/tenants.go:119.16,121.3 1 0
github.com/Blue-Davinci/leadhub-service/cmd/api/tenants.go:125.85,128.16 2 0
github.com/Blue-Davinci/leadhub-service/cmd/api/tenants.go:128.16,131.3 2 0
github.com/Blue-Davinci/leadhub-service/cmd/api/tenants.go:133.2,134.16 2 0
github.com/Blue-Davinci/leadhub-service/cmd/api/tenants.go:134.16,137.3 2 0
github.com/Blue-Davinci/leadhub-service/cmd/api/tenants.go:139.2,141.55 2 0
github.com/Blue-Davinci/leadhub-service/cmd/api/tenants.go:141.55,144.3 2 0
github.com/Blue-Davinci/leadhub-service/cmd/api/tenants.go:146.2,151.51 2 0
github.com/Blue-Davinci/leadhub-service/cmd/api/tenants.go:151.51,154.3 2 0
github.com/Blue-Davinci/leadhub-service/cmd/api/tenants.go:156.2,157.16 2 0
github.com/Blue-Davinci/leadhub-service/cmd/api/tenants.go:157.16,158.10 1 0
github.com/Blue-Davinci/leadhub-service/cmd/api/tenants.go:159.45,160.30 1 0
github.com/Blue-Davinci/leadhub-service/cmd/api/tenants.go:161.11,162.38 1 0
github.com/Blue-Davinci/leadhub-service/cmd/api/tenants.go:164.3,164.9 1 0
github.com/Blue-Davinci/leadhub-service/cmd/api/tenants.go:167.2,167.23 1 0
github.com/Blue-Davinci/leadhub-service/cmd/api/tenants.go:167.23,169.3 1 0
github.com/Blue-Davinci/leadhub-service/cmd/api/tenants.go:170.2,170.31 1 0
github.com/Blue-Davinci/leadhub-service/cmd/api/tenants.go:170.31,172.3 1 0
github.com/Blue-Davinci/leadhub-service/cmd/api/tenants.go:173.2,173.30 1 0
github.com/Blue-Davinci/leadhub-service/cmd/api/tenants.go:173.30,175.3 1 0
github.com/Blue-Davinci/leadhub-service/cmd/api/tenants.go:177.2,177.48 1 0
github.com/Blue-Davinci/leadhub-service/cmd/api/tenants.go:177.48,180.3 2 0
github.com/Blue-Davinci/leadhub-service/cmd/api/tenants.go:183.2,183.77 1 0
github.com/Blue-Davinci/leadhub-service/cmd/api/tenants.go:183.77,186.3 2 0
github.com/Blue-Davinci/leadhub-service/cmd/api/tenants.go:187.2,187.82 1 0
github.com/Blue-Davinci/leadhub-service/cmd/api/tenants.go:187.82,188.10 1 0
github.com/Blue-Davinci/leadhub-service/cmd/api/tenants.go:189.45,190.30 1 0
github.com/Blue-Davinci/leadhub-service/cmd/api/tenants.go:191.43,193.48 2 0
github.com/Blue-Davinci/leadhub-service/cmd/api/tenants.go:194.11,195.38 1 0
github.com/Blue-Davinci/leadhub-service/cmd/api/tenants.go:197.3,197.9 1 0
github.com/Blue-Davinci/leadhub-service/cmd/api/tenants.go:200.2,201.16 2 0
github.com/Blue-Davinci/leadhub-service/cmd/api/tenants.go:201.16,203.3 1 0
github.com/Blue-Davinci/leadhub-service/cmd/api/trade_leads.go:12.88,20.51 2 0
github.com/Blue-Davinci/leadhub-service/cmd/api/trade_leads.go:20.51,23.3 2 0
github.com/Blue-Davinci/leadhub-service/cmd/api/trade_leads.go:25.2,32.49 3 0
github.com/Blue-Davinci/leadhub-service/cmd/api/trade_leads.go:32.49,35.3 2 0
github.com/Blue-Davinci/leadhub-service/cmd/api/trade_leads.go:38.2,38.100 1 0
github.com/Blue-Davinci/leadhub-service/cmd/api/trade_leads.go:38.100,39.10 1 0
github.com/Blue-Davinci/leadhub-service/cmd/api/trade_leads.go:40.46,41.30 1 0
github.com/Blue-Davinci/leadhub-service/cmd/api/trade_leads.go:42.46,43.37 1 0
github.com/Blue-Davinci/leadhub-service/cmd/api/trade_leads.go:44.11,45.38 1 0
github.com/Blue-Davinci/leadhub-service/cmd/api/trade_leads.go:47.3,47.9 1 0
github.com/Blue-Davinci/leadhub-service/cmd/api/trade_leads.go:49.2,50.16 2 0
github.com/Blue-Davinci/leadhub-service/cmd/api/trade_leads.go:50.16,52.3 1 0
github.com/Blue-Davinci/leadhub-service/cmd/api/trade_leads.go:56.94,75.56 9 0
github.com/Blue-Davinci/leadhub-service/cmd/api/trade_leads.go:75.56,78.3 2 0
github.com/Blue-Davinci/leadhub-service/cmd/api/trade_leads.go:80.2,81.16 2 0
github.com/Blue-Davinci/leadhub-service/cmd/api/trade_leads.go:81.16,82.10 1 0
github.com/Blue-Davinci/leadhub-service/cmd/api/trade_leads.go:83.45,84.30 1 0
github.com/Blue-Davinci/leadhub-service/cmd/api/trade_leads.go:85.11,86.38 1 0
github.com/Blue-Davinci/leadhub-service/cmd/api/trade_leads.go:88.3,88.9 1 0
github.com/Blue-Davinci/leadhub-service/cmd/api/trade_leads.go:91.2,92.16 2 0
github.com/Blue-Davinci/leadhub-service/cmd/api/trade_leads.go:92.16,94.3 1 0
github.com/Blue-Davinci/leadhub-service/cmd/api/trade_leads.go:98.94,117.56 9 0
github.com/Blue-Davinci/leadhub-service/cmd/api/trade_leads.go:117.56,120.3 2 0
github.com/Blue-Davinci/leadhub-service/cmd/api/trade_leads.go:122.2,123.16 2 0
github.com/Blue-Davinci/leadhub-service/cmd/api/trade_leads.go:123.16,124.10 1 0
github.com/Blue-Davinci/leadhub-service/cmd/api/trade_leads.go:125.45,126.30 1 0
github.com/Blue-Davinci/leadhub-service/cmd/api/trade_leads.go:127.11,128.38 1 0
github.com/Blue-Davinci/leadhub-service/cmd/api/trade_leads.go:130.3,130.9 1 0
github.com/Blue-Davinci/leadhub-service/cmd/api/trade_leads.go:133.2,134.16 2 0
github.com/Blue-Davinci/leadhub-service/cmd/api/trade_leads.go:134.16,136.3 1 0
github.com/Blue-Davinci/leadhub-service/cmd/api/trade_leads.go:140.95,143.16 2 0
github.com/Blue-Davinci/leadhub-service/cmd/api/trade_leads.go:143.16,144.10 1 0
github.com/Blue-Davinci/leadhub-service/cmd/api/trade_leads.go:145.45,146.30 1 0
github.com/Blue-Davinci/leadhub-service/cmd/api/trade_leads.go:147.11,148.38 1 0
github.com/Blue-Davinci/leadhub-service/cmd/api/trade_leads.go:150.3,150.9 1 0
github.com/Blue-Davinci/leadhub-service/cmd/api/trade_leads.go:153.2,154.16 2 0
github.com/Blue-Davinci/leadhub-service/cmd/api/trade_leads.go:154.16,156.3 1 0
github.com/Blue-Davinci/leadhub-service/cmd/api/trade_leads.go:160.99,163.16 2 0
github.com/Blue-Davinci/leadhub-service/cmd/api/trade_leads.go:163.16,166.3 2 0
github.com/Blue-Davinci/leadhub-service/cmd/api/trade_leads.go:168.2,169.16 2 0
github.com/Blue-Davinci/leadhub-service/cmd/api/trade_leads.go:169.16,172.3 2 0
github.com/Blue-Davinci/leadhub-service/cmd/api/trade_leads.go:174.2,175.16 2 0
github.com/Blue-Davinci/leadhub-service/cmd/api/trade_leads.go:175.16,176.10 1 0
github.com/Blue-Davinci/leadhub-service/cmd/api/trade_leads.go:177.45,178.30 1 0
github.com/Blue-Davinci/leadhub-service/cmd/api/trade_leads.go:179.11,180.38 1 0
github.com/Blue-Davinci/leadhub-service/cmd/api/trade_leads.go:182.3,182.9 1 0
github.com/Blue-Davinci/leadhub-service/cmd/api/trade_leads.go:186.2,186.77 1 0
github.com/Blue-Davinci/leadhub-service/cmd/api/trade_leads.go:186.77,189.3 2 0
github.com/Blue-Davinci/leadhub-service/cmd/api/trade_leads.go:190.2,191.16 2 0
github.com/Blue-Davinci/leadhub-service/cmd/api/trade_leads.go:191.16,192.10 1 0
github.com/Blue-Davinci/leadhub-service/cmd/api/trade_leads.go:193.46,194.37 1 0
github.com/Blue-Davinci/leadhub-service/cmd/api/trade_leads.go:195.45,196.30 1 0
github.com/Blue-Davinci/leadhub-service/cmd/api/trade_leads.go:197.11,198.38 1 0
github.com/Blue-Davinci/leadhub-service/cmd/api/trade_leads.go:200.3,200.9 1 0
github.com/Blue-Davinci/leadhub-service/cmd/api/trade_leads.go:203.2,204.16 2 0
github.com/Blue-Davinci/leadhub-service/cmd/api/trade_leads.go:204.16,206.3 1 0
github.com/Blue-Davinci/leadhub-service/cmd/api/users.go:14.85,22.16 3 0
github.com/Blue-Davinci/leadhub-service/cmd/api/users.go:22.16,25.3 2 0
github.com/Blue-Davinci/leadhub-service/cmd/api/users.go:27.2,35.16 3 0
github.com/Blue-Davinci/leadhub-service/cmd/api/users.go:35.16,38.3 2 0
github.com/Blue-Davinci/leadhub-service/cmd/api/users.go:40.2,41.44 2 0
github.com/Blue-Davinci/leadhub-service/cmd/api/users.go:41.44,44.3 2 0
github.com/Blue-Davinci/leadhub-service/cmd/api/users.go:47.2,48.16 2 0
github.com/Blue-Davinci/leadhub-service/cmd/api/users.go:48.16,49.10 1 0
github.com/Blue-Davinci/leadhub-service/cmd/api/users.go:50.47,52.48 2 0
github.com/Blue-Davinci/leadhub-service/cmd/api/users.go:53.11,54.38 1 0
github.com/Blue-Davinci/leadhub-service/cmd/api/users.go:57.3,57.9 1 0
github.com/Blue-Davinci/leadhub-service/cmd/api/users.go:59.2,63.16 3 0
github.com/Blue-Davinci/leadhub-service/cmd/api/users.go:63.16,66.3 2 0
github.com/Blue-Davinci/leadhub-service/cmd/api/users.go:68.2,68.24 1 0
github.com/Blue-Davinci/leadhub-service/cmd/api/users.go:68.24,76.17 3 0
github.com/Blue-Davinci/leadhub-service/cmd/api/users.go:76.17,78.4 1 0
github.com/Blue-Davinci/leadhub-service/cmd/api/users.go:82.2,83.16 2 0
github.com/Blue-Davinci/leadhub-service/cmd/api/users.go:83.16,85.3 1 0
github.com/Blue-Davinci/leadhub-service/cmd/api/users.go:91.85,97.16 3 0
github.com/Blue-Davinci/leadhub-service/cmd/api/users.go:97.16,100.3 2 0
github.com/Blue-Davinci/leadhub-service/cmd/api/users.go:102.2,103.70 2 0
github.com/Blue-Davinci/leadhub-service/cmd/api/users.go:103.70,106.3 2 0
github.com/Blue-Davinci/leadhub-service/cmd/api/users.go:110.2,111.16 2 0
github.com/Blue-Davinci/leadhub-service/cmd/api/users.go:111.16,112.10 1 0
github.com/Blue-Davinci/leadhub-service/cmd/api/users.go:113.54,115.48 2 0
github.com/Blue-Davinci/leadhub-service/cmd/api/users.go:116.11,117.38 1 0
github.com/Blue-Davinci/leadhub-service/cmd/api/users.go:119.3,119.9 1 0
github.com/Blue-Davinci/leadhub-service/cmd/api/users.go:121.2,127.16 4 0
github.com/Blue-Davinci/leadhub-service/cmd/api/users.go:127.16,128.10 1 0
github.com/Blue-Davinci/leadhub-service/cmd/api/users.go:129.52,130.34 1 0
github.com/Blue-Davinci/leadhub-service/cmd/api/users.go:131.11,132.38 1 0
github.com/Blue-Davinci/leadhub-service/cmd/api/users.go:134.3,134.9 1 0
github.com/Blue-Davinci/leadhub-service/cmd/api/users.go:138.2,139.16 2 0
github.com/Blue-Davinci/leadhub-service/cmd/api/users.go:139.16,142.3 2 0
github.com/Blue-Davinci/leadhub-service/cmd/api/users.go:144.2,144.24 1 0
github.com/Blue-Davinci/leadhub-service/cmd/api/users.go:144.24,155.17 3 0
github.com/Blue-Davinci/leadhub-service/cmd/api/users.go:155.17,157.4 1 0
github.com/Blue-Davinci/leadhub-service/cmd/api/users.go:160.2,167.16 3 0
github.com/Blue-Davinci/leadhub-service/cmd/api/users.go:167.16,169.3 1 0
github.com/Blue-Davinci/leadhub-service/cmd/api/users.go:173.99,180.16 3 0
github.com/Blue-Davinci/leadhub-service/cmd/api/users.go:180.16,183.3 2 0
github.com/Blue-Davinci/leadhub-service/cmd/api/users.go:185.2,188.16 4 0
github.com/Blue-Davinci/leadhub-service/cmd/api/users.go:188.16,191.3 2 0
github.com/Blue-Davinci/leadhub-service/cmd/api/users.go:193.2,194.16 2 0
github.com/Blue-Davinci/leadhub-service/cmd/api/users.go:194.16,195.10 1 0
github.com/Blue-Davinci/leadhub-service/cmd/api/users.go:197.54,198.40 1 0
github.com/Blue-Davinci/leadhub-service/cmd/api/users.go:199.11,201.38 1 0
github.com/Blue-Davinci/leadhub-service/cmd/api/users.go:203.3,203.9 1 0
github.com/Blue-Davinci/leadhub-service/cmd/api/users.go:206.2,207.16 2 0
github.com/Blue-Davinci/leadhub-service/cmd/api/users.go:207.16,210.3 2 0
github.com/Blue-Davinci/leadhub-service/cmd/api/users.go:212.2,212.12 1 0
github.com/Blue-Davinci/leadhub-service/cmd/api/users.go:212.12,215.3 2 0
github.com/Blue-Davinci/leadhub-service/cmd/api/users.go:218.2,219.16 2 0
github.com/Blue-Davinci/leadhub-service/cmd/api/users.go:219.16,222.3 2 0
github.com/Blue-Davinci/leadhub-service/cmd/api/users.go:224.2,234.16 3 0
github.com/Blue-Davinci/leadhub-service/cmd/api/users.go:234.16,236.3 1 0
